TN:
SF:src\app.js
FNF:0
FNH:0
DA:1,0
DA:2,0
DA:3,0
DA:6,0
DA:8,0
DA:9,0
DA:10,0
DA:12,0
LF:8
LH:0
BRF:0
BRH:0
end_of_record
TN:
SF:src\controllers\product.controller.js
FN:4,(anonymous_0)
FN:15,(anonymous_1)
FNF:2
FNH:2
FNDA:19,(anonymous_0)
FNDA:3,(anonymous_1)
DA:1,1
DA:2,1
DA:4,1
DA:5,19
DA:6,19
DA:7,19
DA:9,19
DA:14,19
DA:15,3
DA:18,18
DA:26,16
DA:31,3
DA:38,1
LF:13
LH:13
BRDA:6,0,0,1
BRDA:15,1,0,19
BRDA:15,1,1,1
BRDA:33,2,0,3
BRDA:33,2,1,0
BRF:5
BRH:4
end_of_record
TN:
SF:src\middlewares\auth.middleware.js
FN:3,(anonymous_0)
FN:4,createAuthMiddleware
FNF:2
FNH:0
FNDA:0,(anonymous_0)
FNDA:0,createAuthMiddleware
DA:1,0
DA:3,0
DA:4,0
DA:5,0
DA:7,0
DA:8,0
DA:13,0
DA:14,0
DA:16,0
DA:17,0
DA:22,0
DA:24,0
DA:26,0
DA:28,0
DA:35,0
LF:15
LH:0
BRDA:3,0,0,0
BRDA:7,1,0,0
BRDA:7,1,1,0
BRDA:16,2,0,0
BRDA:16,2,1,0
BRF:5
BRH:0
end_of_record
TN:
SF:src\models\product.model.js
FNF:0
FNH:0
DA:1,1
DA:3,1
DA:33,1
DA:35,1
LF:4
LH:4
BRF:0
BRH:0
end_of_record
TN:
SF:src\routes\product.routes.js
FNF:0
FNH:0
DA:1,0
DA:2,0
DA:3,0
DA:4,0
DA:5,0
DA:7,0
DA:9,0
DA:16,0
LF:8
LH:0
BRF:0
BRH:0
end_of_record
TN:
SF:src\services\imageKit.service.js
FN:10,uploadImage
FNF:1
FNH:0
FNDA:0,uploadImage
DA:1,0
DA:2,0
DA:4,0
DA:11,0
DA:17,0
DA:18,0
DA:25,0
LF:7
LH:0
BRF:0
BRH:0
end_of_record
